Loading page for A
Finished loading page A
Sleeping before reopening a new browser
Loading page for A
Finished loading page A
Loading page for A
Finished loading page A
Loading page for AA
Loading page for ATRC
Finished loading page AA
Finished loading page ATRC
Loading page for ATRO
Sleeping before reopening a new browser
Loading page for A
Finished loading page A
Loading page for AA
Finished loading page AA
Loading page for ATRC
Finished loading page ATRC
Loading page for ATRO
Finished loading page ATRO
Loading page for ATRS
Finished loading page ATRS
Loading page for ATSG
Loading page for CDNS
Finished loading page ATSG
Finished loading page CDNS
Loading page for CDTX
Loading page for ATUS
Finished loading page CDTX
Loading page for CDW
Loading page for AACQ
Finished loading page ATUS
Finished loading page CDW
Loading page for CDXC
Finished loading page AACQ
Finished loading page CDXC
Loading page for AAIC
Loading page for CDXS
Loading page for DDOG
Finished loading page CDXS
Loading page for CDZI
Finished loading page AAIC
Loading page for AAL
Finished loading page CDZI
Finished loading page DDOG
Loading page for CE
Loading page for DDS
Finished loading page CE
Loading page for CECE
Loading page for ATVI
Finished loading page DDS
Loading page for DE
Finished loading page AAL
Finished loading page CECE
Loading page for CEIX
Finished loading page DE
Loading page for DECK
Finished loading page CEIX
Loading page for CELH
Finished loading page DECK
Finished loading page ATVI
Loading page for DEI
Finished loading page CELH
Loading page for CEMB
Loading page for FHN
Finished loading page DEI
Sleeping before reopening a new browser
Finished loading page CEMB
Sleeping before reopening a new browser
Sleeping before reopening a new browser
Loading page for A
Finished loading page A
Loading page for AA
Finished loading page AA
Loading page for AACQ
Finished loading page AACQ
Loading page for AAIC
Loading page for ATRC
Finished loading page AAIC
Loading page for AAL
Finished loading page ATRC
Finished loading page AAL
Loading page for ATRO
Finished loading page ATRO
Loading page for ATRS
Finished loading page ATRS
Loading page for ATSG
Finished loading page ATSG
Loading page for ATUS
Finished loading page ATUS
Loading page for AAOI
Loading page for ATVI
Finished loading page AAOI
Finished loading page ATVI
Loading page for CDNS
Loading page for AAON
Finished loading page CDNS
Finished loading page AAON
Loading page for AAP
Loading page for AU
Loading page for CDTX
Finished loading page AAP
Finished loading page CDTX
Finished loading page AU
Loading page for CDW
Finished loading page CDW
Loading page for AUDC
Loading page for AAPL
Finished loading page AUDC
Loading page for CDXC
Loading page for AUMN
Finished loading page AAPL
Finished loading page CDXC
Finished loading page AUMN
Loading page for AUPH
Loading page for CDXS
Finished loading page AUPH
Finished loading page CDXS
Loading page for CDZI
Finished loading page CDZI
Loading page for CE
Loading page for AUTO
Loading page for DDOG
Finished loading page CE
Finished loading page AUTO
Loading page for AUY
Finished loading page DDOG
Finished loading page AUY
Loading page for CECE
Finished loading page CECE
Loading page for CEIX
Finished loading page CEIX
Loading page for AVAV
Loading page for CELH
Finished loading page AVAV
Finished loading page CELH
Loading page for AAU
Loading page for DDS
Loading page for CEMB
Finished loading page AAU
Loading page for AAWW
Loading page for AVB
Finished loading page DDS
Finished loading page CEMB
Finished loading page AVB
Finished loading page AAWW
Loading page for CEMI
Loading page for AVD
Loading page for AAXJ
Finished loading page CEMI
Loading page for CENX
Loading page for FHN
Loading page for DE
Finished loading page AVD
Loading page for AVDL
Finished loading page CENX
Finished loading page AVDL
Finished loading page AAXJ
Finished loading page DE
Finished loading page FHN
Loading page for AVEO
Loading page for CEQP
Finished loading page AVEO
Finished loading page CEQP
Loading page for FI
Loading page for AB
Loading page for CERC
Finished loading page FI
Loading page for FICO
Loading page for AVGO
Finished loading page CERC
Finished loading page AB
Loading page for CERN
Loading page for ABB
Finished loading page FICO
Finished loading page CERN
Finished loading page AVGO
Finished loading page ABB
Loading page for CERS
Loading page for FIII
Loading page for ABBV
Loading page for DECK
Finished loading page CERS
Finished loading page FIII
Loading page for FINV
Finished loading page DECK
Loading page for CEVA
Finished loading page ABBV
Loading page for HLT
Finished loading page FINV
Loading page for FINX
Finished loading page CEVA
Finished loading page HLT
Finished loading page FINX
Loading page for CF
Loading page for DEI
Loading page for FIS
Finished loading page CF
Finished loading page DEI
Loading page for HLX
Loading page for DELL
Finished loading page FIS
Finished loading page HLX
Finished loading page DELL
Loading page for HMC
Finished loading page HMC
Loading page for HMHC
Loading page for ABC
Loading page for AVID
Finished loading page HMHC
Loading page for HMSY
Finished loading page AVID
Finished loading page ABC
Loading page for FISV
Loading page for CFAC
Finished loading page HMSY
Loading page for AVLR
Loading page for HMY
Loading page for DENN
Finished loading page CFAC
Finished loading page AVLR
Finished loading page HMY
Loading page for CFFN
Finished loading page FISV
Finished loading page DENN
Loading page for HNI
Finished loading page CFFN
Loading page for CFG
Loading page for DEO
Finished loading page HNI
Loading page for KNX
Loading page for HNP
Finished loading page CFG
Loading page for AVNS
Finished loading page HNP
Finished loading page DEO
Loading page for HOFT
Finished loading page AVNS
Finished loading page HOFT
Loading page for ABCB
Loading page for CFR
Finished loading page KNX
Sleeping before reopening a new browser
Loading page for AVNT
Loading page for HOG
Finished loading page AVNT
Loading page for DESP
Loading page for AVT
Finished loading page ABCB
Finished loading page HOG
Finished loading page CFR
Loading page for FITB
Finished loading page DESP
Finished loading page AVT
Loading page for ABEO
Loading page for DFS
Loading page for CFRX
Finished loading page FITB
Finished loading page ABEO
Loading page for ABEV
Finished loading page DFS
Loading page for AVTR
Finished loading page CFRX
Loading page for CFX
Finished loading page AVTR
Finished loading page ABEV
Finished loading page CFX
Loading page for AVXL
Loading page for FIVE
Loading page for ABG
Loading page for CG
Finished loading page AVXL
Finished loading page ABG
Finished loading page CG
Finished loading page FIVE
Loading page for HOLI
Loading page for MRVL
Loading page for ABIO
Finished loading page HOLI
Loading page for CGBD
Loading page for HOLX
Finished loading page ABIO
Loading page for ABM
Loading page for DG
Sleeping before reopening a new browser
Finished loading page CGBD
Loading page for AVY
Loading page for CGC
Finished loading page HOLX
Finished loading page ABM
Finished loading page AVY
Loading page for ABMD
Finished loading page DG
Finished loading page CGC
Loading page for HOMB
Finished loading page ABMD
Finished loading page HOMB
Loading page for AVYA
Loading page for HOME
